<?xml version="1.0" encoding="utf-8"?><testsuites name="pytest tests"><testsuite name="pytest" errors="0" failures="0" skipped="0" tests="30" time="9.487" timestamp="2026-06-02T06:55:58.244341+00:00" hostname="agent-env-8bd538df-c791-4658-9344-7536bb8d4000"><testcase classname="backend.tests.backend_test.TestAuth" name="test_login_admin" time="0.500" /><testcase classname="backend.tests.backend_test.TestAuth" name="test_login_kasir" time="0.367" /><testcase classname="backend.tests.backend_test.TestAuth" name="test_login_invalid" time="0.355" /><testcase classname="backend.tests.backend_test.TestAuth" name="test_me" time="0.458" /><testcase classname="backend.tests.backend_test.TestAuth" name="test_me_no_token" time="0.101" /><testcase classname="backend.tests.backend_test.TestPublic" name="test_categories" time="0.137" /><testcase classname="backend.tests.backend_test.TestPublic" name="test_products" time="0.098" /><testcase classname="backend.tests.backend_test.TestPublic" name="test_tables" time="0.128" /><testcase classname="backend.tests.backend_test.TestPublic" name="test_orders_requires_auth" time="0.131" /><testcase classname="backend.tests.backend_test.TestOrders" name="test_create_order_calcs_and_format" time="0.202" /><testcase classname="backend.tests.backend_test.TestOrders" name="test_get_order_public" time="0.364" /><testcase classname="backend.tests.backend_test.TestOrders" name="test_qris_pay" time="0.410" /><testcase classname="backend.tests.backend_test.TestOrders" name="test_cash_pay_change" time="0.796" /><testcase classname="backend.tests.backend_test.TestOrders" name="test_cash_pay_insufficient" time="0.317" /><testcase classname="backend.tests.backend_test.TestOrders" name="test_cash_pay_requires_auth" time="0.310" /><testcase classname="backend.tests.backend_test.TestOrders" name="test_update_status" time="0.428" /><testcase classname="backend.tests.backend_test.TestOrders" name="test_list_orders_today" time="0.133" /><testcase classname="backend.tests.backend_test.TestAdminCRUD" name="test_category_crud" time="0.303" /><testcase classname="backend.tests.backend_test.TestAdminCRUD" name="test_product_crud_and_sold_out" time="0.654" /><testcase classname="backend.tests.backend_test.TestAdminCRUD" name="test_table_crud" time="0.202" /><testcase classname="backend.tests.backend_test.TestAdminCRUD" name="test_employee_crud" time="0.667" /><testcase classname="backend.tests.backend_test.TestAdminCRUD" name="test_admin_only_endpoints_blocked_for_kasir" time="0.096" /><testcase classname="backend.tests.backend_test.TestAuthMgmt" name="test_change_password_and_revert" time="1.414" /><testcase classname="backend.tests.backend_test.TestAuthMgmt" name="test_profile_update" time="0.100" /><testcase classname="backend.tests.backend_test.TestReports" name="test_summary" time="0.099" /><testcase classname="backend.tests.backend_test.TestReports" name="test_daily" time="0.099" /><testcase classname="backend.tests.backend_test.TestReports" name="test_monthly" time="0.100" /><testcase classname="backend.tests.backend_test.TestReports" name="test_yearly" time="0.104" /><testcase classname="backend.tests.backend_test.TestReports" name="test_export_xlsx" time="0.114" /><testcase classname="backend.tests.backend_test.TestReports" name="test_reports_require_auth" time="0.106" /></testsuite></testsuites>