<?xml version="1.0" encoding="utf-8"?><testsuites name="pytest tests"><testsuite name="pytest" errors="0" failures="0" skipped="0" tests="37" time="119.858" timestamp="2026-06-02T07:10:17.056374+00:00" hostname="agent-env-8bd538df-c791-4658-9344-7536bb8d4000"><testcase classname="backend.tests.backend_test.TestAuth" name="test_login_admin" time="5.665" /><testcase classname="backend.tests.backend_test.TestAuth" name="test_login_kasir" time="68.388" /><testcase classname="backend.tests.backend_test.TestAuth" name="test_login_invalid" time="0.444" /><testcase classname="backend.tests.backend_test.TestAuth" name="test_me" time="0.496" /><testcase classname="backend.tests.backend_test.TestAuth" name="test_me_no_token" time="0.099" /><testcase classname="backend.tests.backend_test.TestPublic" name="test_categories" time="0.102" /><testcase classname="backend.tests.backend_test.TestPublic" name="test_products" time="0.139" /><testcase classname="backend.tests.backend_test.TestPublic" name="test_tables" time="0.102" /><testcase classname="backend.tests.backend_test.TestPublic" name="test_orders_requires_auth" time="0.130" /><testcase classname="backend.tests.backend_test.TestOrders" name="test_create_order_calcs_and_format" time="0.252" /><testcase classname="backend.tests.backend_test.TestOrders" name="test_get_order_public" time="0.364" /><testcase classname="backend.tests.backend_test.TestOrders" name="test_qris_pay" time="0.417" /><testcase classname="backend.tests.backend_test.TestOrders" name="test_cash_pay_change" time="0.822" /><testcase classname="backend.tests.backend_test.TestOrders" name="test_cash_pay_insufficient" time="0.297" /><testcase classname="backend.tests.backend_test.TestOrders" name="test_cash_pay_requires_auth" time="0.306" /><testcase classname="backend.tests.backend_test.TestOrders" name="test_update_status" time="0.431" /><testcase classname="backend.tests.backend_test.TestOrders" name="test_list_orders_today" time="0.119" /><testcase classname="backend.tests.backend_test.TestAdminCRUD" name="test_category_crud" time="0.309" /><testcase classname="backend.tests.backend_test.TestAdminCRUD" name="test_product_crud_and_sold_out" time="0.710" /><testcase classname="backend.tests.backend_test.TestAdminCRUD" name="test_table_crud" time="0.216" /><testcase classname="backend.tests.backend_test.TestAdminCRUD" name="test_employee_crud" time="0.633" /><testcase classname="backend.tests.backend_test.TestAdminCRUD" name="test_admin_only_endpoints_blocked_for_kasir" time="0.122" /><testcase classname="backend.tests.backend_test.TestAuthMgmt" name="test_change_password_and_revert" time="1.406" /><testcase classname="backend.tests.backend_test.TestAuthMgmt" name="test_profile_update" time="0.106" /><testcase classname="backend.tests.backend_test.TestReports" name="test_summary" time="0.102" /><testcase classname="backend.tests.backend_test.TestReports" name="test_daily" time="0.105" /><testcase classname="backend.tests.backend_test.TestReports" name="test_monthly" time="0.102" /><testcase classname="backend.tests.backend_test.TestReports" name="test_yearly" time="0.102" /><testcase classname="backend.tests.backend_test.TestReports" name="test_export_xlsx" time="0.122" /><testcase classname="backend.tests.backend_test.TestReports" name="test_reports_require_auth" time="0.102" /><testcase classname="backend.tests.test_sse_escpos.TestSSE" name="test_sse_staff_ready_event" time="5.201" /><testcase classname="backend.tests.test_sse_escpos.TestSSE" name="test_sse_order_channel_ready_and_keepalive" time="5.475" /><testcase classname="backend.tests.test_sse_escpos.TestSSE" name="test_sse_order_created_broadcast" time="6.720" /><testcase classname="backend.tests.test_sse_escpos.TestSSE" name="test_sse_order_updated_broadcast_on_status" time="12.202" /><testcase classname="backend.tests.test_sse_escpos.TestSSE" name="test_sse_order_updated_on_qris_pay" time="6.870" /><testcase classname="backend.tests.test_sse_escpos.TestEscpos" name="test_escpos_bytes" time="0.370" /><testcase classname="backend.tests.test_sse_escpos.TestEscpos" name="test_escpos_not_found" time="0.103" /></testsuite></testsuites>